<?xml version="1.0" encoding="UTF-8"?>
<!-- Generated by org.testng.reporters.JUnitXMLReporter -->
<testsuite ignored="0" hostname="DESKTOP-UMSL6GD" failures="1" tests="1" name="Default test" time="17.372" errors="0" timestamp="03 May 2024 16:42:37 GMT">
  <testcase classname="io.cucumber.testng.AbstractTestNGCucumberTests" name="runScenario" time="13.867">
    <failure type="java.lang.AssertionError" message="expected [Tom] but found [Tomato]">
      <![CDATA[java.lang.AssertionError: expected [Tom] but found [Tomato]
	at org.testng.Assert.fail(Assert.java:93)
	at org.testng.Assert.failNotEquals(Assert.java:512)
	at org.testng.Assert.assertEqualsImpl(Assert.java:134)
	at org.testng.Assert.assertEquals(Assert.java:115)
	at org.testng.Assert.assertEquals(Assert.java:189)
	at org.testng.Assert.assertEquals(Assert.java:199)
	at StepDefinition.CheckOutPage1.user_proceeds_to_checkout_and_validate_items_in_checkout_page(CheckOutPage1.java:36)
	at âœ½.User proceeds to ckeckout and validate Tom items in checkout page(file:///C:/Users/Rajeev/eclipse-workspace/ZZumberLatest/src/test/java/features/greenCart1.feature:10)
]]>
    </failure>
  </testcase> <!-- runScenario -->
</testsuite> <!-- Default test -->
