<?xml version="1.0" encoding="UTF-8"?>
<!-- Generated by org.testng.reporters.JUnitReportReporter -->
<testsuite hostname="DESKTOP-UMSL6GD" failures="1" tests="1" name="CucumberOpt.TestNGRunner2" time="10.740" errors="0" timestamp="2024-05-07T17:34:11 IST" skipped="0">
  <testcase classname="CucumberOpt.TestNGRunner2" name="runScenario" time="10.740">
    <failure message="expected [Tom] but found [Tomato]" type="java.lang.AssertionError">
      <![CDATA[java.lang.AssertionError: expected [Tom] but found [Tomato]
at org.testng.Assert.fail(Assert.java:111)
at org.testng.Assert.failNotEquals(Assert.java:1578)
at org.testng.Assert.assertEqualsImpl(Assert.java:150)
at org.testng.Assert.assertEquals(Assert.java:132)
at org.testng.Assert.assertEquals(Assert.java:656)
at org.testng.Assert.assertEquals(Assert.java:666)
at StepDefinition.CheckOutPage1.user_proceeds_to_checkout_and_validate_items_in_checkout_page(CheckOutPage1.java:36)
at âœ½.User proceeds to ckeckout and validate Tom items in checkout page(file:///C:/Users/Rajeev/eclipse-workspace/ZZumberLatest/src/test/java/features/greenCart1.feature:10)
]]>
    </failure>
  </testcase> <!-- runScenario -->
</testsuite> <!-- CucumberOpt.TestNGRunner2 -->
